Arguments: 
  /Users/wuzelin/.nvm/versions/node/v14.15.0/bin/node /Users/wuzelin/.nvm/versions/node/v14.15.0/bin/yarn init -y

PATH: 
  /Users/wuzelin/.nvm/versions/node/v14.15.0/bin:/usr/local/bin:/usr/bin:/bin:/usr/sbin:/sbin:/Applications/VMware Fusion.app/Contents/Public:/Library/Apple/usr/bin

Yarn version: 
  1.22.10

Node version: 
  14.15.0

Platform: 
  darwin x64

Trace: 
  SyntaxError: /Users/wuzelin/code/Toys/toy-webpack-hmr/package.json: Unexpected end of JSON input
      at JSON.parse (<anonymous>)
      at /Users/wuzelin/.nvm/versions/node/v14.15.0/lib/node_modules/yarn/lib/cli.js:1625:59
      at Generator.next (<anonymous>)
      at step (/Users/wuzelin/.nvm/versions/node/v14.15.0/lib/node_modules/yarn/lib/cli.js:310:30)
      at /Users/wuzelin/.nvm/versions/node/v14.15.0/lib/node_modules/yarn/lib/cli.js:321:13

npm manifest: 
  

yarn manifest: 
  No manifest

Lockfile: 
  No lockfile
